2024-09-07 20:50:15,259 [Worker-7: Loading available Gradle versions] INFO  o.e.b.c.i.u.g.PublishedGradleVersions - Gradle version information cache is up-to-date. Trying to read.
2024-09-07 20:54:41,976 [Worker-29: Creating project "SpringDIUsingXML"] INFO  o.e.m.c.i.l.LifecycleMappingFactory - Using org.eclipse.m2e.jdt.JarLifecycleMapping lifecycle mapping for MavenProject: springprojects:SpringDIUsingXML:0.0.1-SNAPSHOT @ C:\SAI TARUN\API Endpoints and Communication\spring framework workspace\SpringDIUsingXML\pom.xml.
2024-09-07 20:54:42,760 [Worker-29: Creating project "SpringDIUsingXML"] INFO  o.e.m.j.i.AbstractJavaProjectConfigurator - Adding source folder /SpringDIUsingXML/src/main/java
2024-09-07 20:54:42,764 [Worker-29: Creating project "SpringDIUsingXML"] INFO  o.e.m.j.i.AbstractJavaProjectConfigurator - Adding resource folder /SpringDIUsingXML/src/main/resources
2024-09-07 20:54:42,765 [Worker-29: Creating project "SpringDIUsingXML"] INFO  o.e.m.j.i.AbstractJavaProjectConfigurator - Adding source folder /SpringDIUsingXML/src/test/java
2024-09-07 20:54:42,767 [Worker-29: Creating project "SpringDIUsingXML"] INFO  o.e.m.j.i.AbstractJavaProjectConfigurator - Adding resource folder /SpringDIUsingXML/src/test/resources
2024-09-07 20:54:43,832 [Worker-32: Building] WARN  o.a.m.s.f.DefaultMavenResourcesFiltering - Using platform encoding (UTF-8 actually) to copy filtered resources, i.e. build is platform dependent!
2024-09-07 20:54:43,838 [Worker-32: Building] INFO  o.a.m.s.f.DefaultMavenResourcesFiltering - Copying 0 resource from src\main\resources to target\classes
2024-09-07 20:54:43,842 [Worker-32: Building] WARN  o.a.m.s.f.DefaultMavenResourcesFiltering - Using platform encoding (UTF-8 actually) to copy filtered resources, i.e. build is platform dependent!
2024-09-07 20:54:43,844 [Worker-32: Building] INFO  o.a.m.s.f.DefaultMavenResourcesFiltering - Copying 0 resource from src\test\resources to target\test-classes
2024-09-07 20:57:05,542 [Worker-28: Updating Maven Project] INFO  o.e.m.c.i.p.ProjectConfigurationManager - Update started
2024-09-07 20:57:05,882 [Worker-28: Updating Maven Project] INFO  o.e.m.c.i.l.LifecycleMappingFactory - Using org.eclipse.m2e.jdt.JarLifecycleMapping lifecycle mapping for MavenProject: springprojects:SpringDIUsingXML:0.0.1-SNAPSHOT @ C:\SAI TARUN\API Endpoints and Communication\spring framework workspace\SpringDIUsingXML\pom.xml.
2024-09-07 20:57:06,065 [Worker-28: Updating Maven Project] INFO  o.e.m.j.i.AbstractJavaProjectConfigurator - Adding source folder /SpringDIUsingXML/src/main/java
2024-09-07 20:57:06,066 [Worker-28: Updating Maven Project] INFO  o.e.m.j.i.AbstractJavaProjectConfigurator - Adding resource folder /SpringDIUsingXML/src/main/resources
2024-09-07 20:57:06,066 [Worker-28: Updating Maven Project] INFO  o.e.m.j.i.AbstractJavaProjectConfigurator - Adding source folder /SpringDIUsingXML/src/test/java
2024-09-07 20:57:06,067 [Worker-28: Updating Maven Project] INFO  o.e.m.j.i.AbstractJavaProjectConfigurator - Adding resource folder /SpringDIUsingXML/src/test/resources
2024-09-07 20:57:06,137 [Worker-28: Updating Maven Project] INFO  o.e.m.c.i.p.ProjectConfigurationManager - Update completed for 1 poms: local refresh takes 0.00 sec, refresh facades takes 0.00 sec, update config takes 0.00 sec 
2024-09-07 20:57:06,296 [Worker-29: Building] WARN  o.a.m.s.f.DefaultMavenResourcesFiltering - Using platform encoding (UTF-8 actually) to copy filtered resources, i.e. build is platform dependent!
2024-09-07 20:57:06,298 [Worker-29: Building] INFO  o.a.m.s.f.DefaultMavenResourcesFiltering - Copying 0 resource from src\main\resources to target\classes
2024-09-07 20:57:06,305 [Worker-29: Building] WARN  o.a.m.s.f.DefaultMavenResourcesFiltering - Using platform encoding (UTF-8 actually) to copy filtered resources, i.e. build is platform dependent!
2024-09-07 20:57:06,307 [Worker-29: Building] INFO  o.a.m.s.f.DefaultMavenResourcesFiltering - Copying 0 resource from src\test\resources to target\test-classes
